#-----------------------------------------------------------
# Vivado v2020.1 (64-bit)
# SW Build 2902540 on Wed May 27 19:54:49 MDT 2020
# IP Build 2902112 on Wed May 27 22:43:36 MDT 2020
# Start of session at: Mon May  8 13:06:27 2023
# Process ID: 1932
# Current directory: C:/Users/felix/Documents/DTU/62711_Digital_systems_design/Git/DTU/62711/PWF_PWB-continued
# Command line: vivado.exe -gui_launcher_event rodinguilauncherevent14920 C:\Users\felix\Documents\DTU\62711_Digital_systems_design\Git\DTU\62711\PWF_PWB-continued\PWF_PWB-continued.xpr
# Log file: C:/Users/felix/Documents/DTU/62711_Digital_systems_design/Git/DTU/62711/PWF_PWB-continued/vivado.log
# Journal file: C:/Users/felix/Documents/DTU/62711_Digital_systems_design/Git/DTU/62711/PWF_PWB-continued\vivado.jou
#-----------------------------------------------------------
start_gui
open_project C:/Users/felix/Documents/DTU/62711_Digital_systems_design/Git/DTU/62711/PWF_PWB-continued/PWF_PWB-continued.xpr
INFO: [ProjectBase 1-489] The host OS only allows 260 characters in a normal path. The project is stored in a path with more than 80 characters. If you experience issues with IP, Block Designs, or files not being found, please consider moving the project to a location with a shorter path. Alternately consider using the OS subst command to map part of the path to a drive letter.
Current project path is 'C:/Users/felix/Documents/DTU/62711_Digital_systems_design/Git/DTU/62711/PWF_PWB-continued'
INFO: [Project 1-313] Project file moved from 'C:/Users/felix/Documents/DTU/30082_project_jan_23/Git/DTU/62711/PWF_PWB-continued' since last save.
ERROR: [Runs 36-378] The checkpoint 'C:/Users/felix/Documents/DTU/62711_Digital_systems_design/Git/DTU/62711/PWF_PWB-continued/PWF_PWB-continued.srcs/utils_1/imports/synth_1/PWF_complete.dcp' was created with 'Vivado v2022.2 (64-bit)', and cannot be opened in this version.
open_project C:/Users/felix/Documents/DTU/62711_Digital_systems_design/Git/DTU/62711/PWF_PWB-continued/PWF_PWB-continued.xpr
INFO: [ProjectBase 1-489] The host OS only allows 260 characters in a normal path. The project is stored in a path with more than 80 characters. If you experience issues with IP, Block Designs, or files not being found, please consider moving the project to a location with a shorter path. Alternately consider using the OS subst command to map part of the path to a drive letter.
Current project path is 'C:/Users/felix/Documents/DTU/62711_Digital_systems_design/Git/DTU/62711/PWF_PWB-continued'
INFO: [Project 1-313] Project file moved from 'C:/Users/felix/Documents/DTU/30082_project_jan_23/Git/DTU/62711/PWF_PWB-continued' since last save.
ERROR: [Runs 36-378] The checkpoint 'C:/Users/felix/Documents/DTU/62711_Digital_systems_design/Git/DTU/62711/PWF_PWB-continued/PWF_PWB-continued.srcs/utils_1/imports/synth_1/PWF_complete.dcp' was created with 'Vivado v2022.2 (64-bit)', and cannot be opened in this version.
open_project C:/Users/felix/Documents/DTU/62711_Digital_systems_design/Git/DTU/62711/PWF_PWB-continued/PWF_PWB-continued.xpr
INFO: [ProjectBase 1-489] The host OS only allows 260 characters in a normal path. The project is stored in a path with more than 80 characters. If you experience issues with IP, Block Designs, or files not being found, please consider moving the project to a location with a shorter path. Alternately consider using the OS subst command to map part of the path to a drive letter.
Current project path is 'C:/Users/felix/Documents/DTU/62711_Digital_systems_design/Git/DTU/62711/PWF_PWB-continued'
INFO: [Project 1-313] Project file moved from 'C:/Users/felix/Documents/DTU/30082_project_jan_23/Git/DTU/62711/PWF_PWB-continued' since last save.
ERROR: [Runs 36-378] The checkpoint 'C:/Users/felix/Documents/DTU/62711_Digital_systems_design/Git/DTU/62711/PWF_PWB-continued/PWF_PWB-continued.srcs/utils_1/imports/synth_1/PWF_complete.dcp' was created with 'Vivado v2022.2 (64-bit)', and cannot be opened in this version.
open_project C:/Users/felix/Documents/DTU/62711_Digital_systems_design/Git/DTU/62711/PWF_PWB-continued/PWF_PWB-continued.xpr
INFO: [ProjectBase 1-489] The host OS only allows 260 characters in a normal path. The project is stored in a path with more than 80 characters. If you experience issues with IP, Block Designs, or files not being found, please consider moving the project to a location with a shorter path. Alternately consider using the OS subst command to map part of the path to a drive letter.
Current project path is 'C:/Users/felix/Documents/DTU/62711_Digital_systems_design/Git/DTU/62711/PWF_PWB-continued'
INFO: [Project 1-313] Project file moved from 'C:/Users/felix/Documents/DTU/30082_project_jan_23/Git/DTU/62711/PWF_PWB-continued' since last save.
ERROR: [Runs 36-378] The checkpoint 'C:/Users/felix/Documents/DTU/62711_Digital_systems_design/Git/DTU/62711/PWF_PWB-continued/PWF_PWB-continued.srcs/utils_1/imports/synth_1/PWF_complete.dcp' was created with 'Vivado v2022.2 (64-bit)', and cannot be opened in this version.
exit
INFO: [Common 17-206] Exiting Vivado at Mon May  8 13:07:40 2023...
