
*** Running vivado
    with args -log SigGenTop.vds -m64 -product Vivado -mode batch -messageDb vivado.pb -notrace -source SigGenTop.tcl



****** Vivado v2020.1 (64-bit)
  **** SW Build 2902540 on Wed May 27 19:54:49 MDT 2020
  **** IP Build 2902112 on Wed May 27 22:43:36 MDT 2020
    ** Copyright 1986-2020 Xilinx, Inc. All Rights Reserved.

source SigGenTop.tcl -notrace
Command: synth_design -top SigGenTop -part xc7a35tcpg236-1
Starting synth_design
Attempting to get a license for feature 'Synthesis' and/or device 'xc7a35t'
INFO: [Common 17-349] Got license for feature 'Synthesis' and/or device 'xc7a35t'
INFO: [Device 21-403] Loading part xc7a35tcpg236-1
INFO: [Synth 8-7079] Multithreading enabled for synth_design using a maximum of 2 processes.
INFO: [Synth 8-7078] Launching helper process for spawning children vivado processes
INFO: [Synth 8-7075] Helper process launched with PID 16932
---------------------------------------------------------------------------------
Starting RTL Elaboration : Time (s): cpu = 00:00:04 ; elapsed = 00:00:04 . Memory (MB): peak = 1036.797 ; gain = 0.000
---------------------------------------------------------------------------------
INFO: [Synth 8-638] synthesizing module 'SigGenTop' [C:/Users/felix/Documents/DTU/30082_project_jan_23/Git/DTU/30082/VHDL/Signal_gen/SigGenTop.vhd:43]
INFO: [Synth 8-638] synthesizing module 'DivClk' [C:/Users/felix/Documents/DTU/30082_project_jan_23/Git/DTU/30082/VHDL/Signal_gen/DivClk.vhd:14]
INFO: [Synth 8-256] done synthesizing module 'DivClk' (1#1) [C:/Users/felix/Documents/DTU/30082_project_jan_23/Git/DTU/30082/VHDL/Signal_gen/DivClk.vhd:14]
INFO: [Synth 8-638] synthesizing module 'SigGenControl' [C:/Users/felix/Documents/DTU/30082_project_jan_23/Git/DTU/30082/VHDL/Signal_gen/SigGenControl.vhd:39]
INFO: [Synth 8-3491] module 'BTNdb' declared at 'C:/Users/felix/Documents/DTU/30082_project_jan_23/Git/DTU/30082/VHDL/Signal_gen/BTNdb.vhd:30' bound to instance 'Deb1' of component 'BTNdb' [C:/Users/felix/Documents/DTU/30082_project_jan_23/Git/DTU/30082/VHDL/Signal_gen/SigGenControl.vhd:159]
INFO: [Synth 8-638] synthesizing module 'BTNdb' [C:/Users/felix/Documents/DTU/30082_project_jan_23/Git/DTU/30082/VHDL/Signal_gen/BTNdb.vhd:36]
INFO: [Synth 8-256] done synthesizing module 'BTNdb' (2#1) [C:/Users/felix/Documents/DTU/30082_project_jan_23/Git/DTU/30082/VHDL/Signal_gen/BTNdb.vhd:36]
INFO: [Synth 8-3491] module 'BTNdb' declared at 'C:/Users/felix/Documents/DTU/30082_project_jan_23/Git/DTU/30082/VHDL/Signal_gen/BTNdb.vhd:30' bound to instance 'Deb2' of component 'BTNdb' [C:/Users/felix/Documents/DTU/30082_project_jan_23/Git/DTU/30082/VHDL/Signal_gen/SigGenControl.vhd:161]
INFO: [Synth 8-256] done synthesizing module 'SigGenControl' (3#1) [C:/Users/felix/Documents/DTU/30082_project_jan_23/Git/DTU/30082/VHDL/Signal_gen/SigGenControl.vhd:39]
INFO: [Synth 8-638] synthesizing module 'SigGenDatapath' [C:/Users/felix/Documents/DTU/30082_project_jan_23/Git/DTU/30082/VHDL/Signal_gen/SigGenDatapath.vhd:36]
	Parameter PWMinc bound to: 7'b0000001 
INFO: [Synth 8-6157] synthesizing module 'sinusLUT' [C:/Users/felix/Documents/DTU/30082_project_jan_23/Git/DTU/30082/VHDL/Signal_gen/Signal_gen.runs/synth_1/.Xil/Vivado-28680-DESKTOP-MKAFNHE/realtime/sinusLUT_stub.v:6]
INFO: [Synth 8-6155] done synthesizing module 'sinusLUT' (4#1) [C:/Users/felix/Documents/DTU/30082_project_jan_23/Git/DTU/30082/VHDL/Signal_gen/Signal_gen.runs/synth_1/.Xil/Vivado-28680-DESKTOP-MKAFNHE/realtime/sinusLUT_stub.v:6]
INFO: [Synth 8-256] done synthesizing module 'SigGenDatapath' (5#1) [C:/Users/felix/Documents/DTU/30082_project_jan_23/Git/DTU/30082/VHDL/Signal_gen/SigGenDatapath.vhd:36]
INFO: [Synth 8-638] synthesizing module 'SevenSeg5' [C:/Users/felix/Documents/DTU/30082_project_jan_23/Git/DTU/30082/VHDL/Signal_gen/SevenSeg5.vhd:14]
INFO: [Synth 8-226] default block is never used [C:/Users/felix/Documents/DTU/30082_project_jan_23/Git/DTU/30082/VHDL/Signal_gen/SevenSeg5.vhd:53]
INFO: [Synth 8-226] default block is never used [C:/Users/felix/Documents/DTU/30082_project_jan_23/Git/DTU/30082/VHDL/Signal_gen/SevenSeg5.vhd:72]
INFO: [Synth 8-256] done synthesizing module 'SevenSeg5' (6#1) [C:/Users/felix/Documents/DTU/30082_project_jan_23/Git/DTU/30082/VHDL/Signal_gen/SevenSeg5.vhd:14]
INFO: [Synth 8-256] done synthesizing module 'SigGenTop' (7#1) [C:/Users/felix/Documents/DTU/30082_project_jan_23/Git/DTU/30082/VHDL/Signal_gen/SigGenTop.vhd:43]
---------------------------------------------------------------------------------
Finished RTL Elaboration : Time (s): cpu = 00:00:05 ; elapsed = 00:00:05 . Memory (MB): peak = 1054.883 ; gain = 18.086
---------------------------------------------------------------------------------
---------------------------------------------------------------------------------
Start Handling Custom Attributes
---------------------------------------------------------------------------------
---------------------------------------------------------------------------------
Finished Handling Custom Attributes : Time (s): cpu = 00:00:06 ; elapsed = 00:00:05 . Memory (MB): peak = 1054.883 ; gain = 18.086
---------------------------------------------------------------------------------
---------------------------------------------------------------------------------
Finished RTL Optimization Phase 1 : Time (s): cpu = 00:00:06 ; elapsed = 00:00:05 . Memory (MB): peak = 1054.883 ; gain = 18.086
---------------------------------------------------------------------------------
Netlist sorting complete. Time (s): cpu = 00:00:00 ; elapsed = 00:00:00.009 . Memory (MB): peak = 1054.883 ; gain = 0.000
INFO: [Project 1-570] Preparing netlist for logic optimization

Processing XDC Constraints
Initializing timing engine
Parsing XDC File [c:/Users/felix/Documents/DTU/30082_project_jan_23/Git/DTU/30082/VHDL/Signal_gen/sinusLUT/sinusLUT_in_context.xdc] for cell 'U2/SinusDec'
Finished Parsing XDC File [c:/Users/felix/Documents/DTU/30082_project_jan_23/Git/DTU/30082/VHDL/Signal_gen/sinusLUT/sinusLUT_in_context.xdc] for cell 'U2/SinusDec'
Parsing XDC File [C:/Users/felix/Documents/DTU/30082_project_jan_23/Git/DTU/30082/VHDL/Signal_gen/lab3top.xdc]
CRITICAL WARNING: [Designutils 20-1307] Command '--create_clock' is not supported in the xdc constraint file. [C:/Users/felix/Documents/DTU/30082_project_jan_23/Git/DTU/30082/VHDL/Signal_gen/lab3top.xdc:21]
WARNING: [Vivado 12-584] No ports matched 'sigEn'. [C:/Users/felix/Documents/DTU/30082_project_jan_23/Git/DTU/30082/VHDL/Signal_gen/lab3top.xdc:39]
Finished Parsing XDC File [C:/Users/felix/Documents/DTU/30082_project_jan_23/Git/DTU/30082/VHDL/Signal_gen/lab3top.xdc]
WARNING: [Project 1-498] One or more constraints failed evaluation while reading constraint file [C:/Users/felix/Documents/DTU/30082_project_jan_23/Git/DTU/30082/VHDL/Signal_gen/lab3top.xdc] and the design contains unresolved black boxes. These constraints will be read post-synthesis (as long as their source constraint file is marked as used_in_implementation) and should be applied correctly then. You should review the constraints listed in the file [.Xil/SigGenTop_propImpl.xdc] and check the run log file to verify that these constraints were correctly applied.
INFO: [Project 1-236] Implementation specific constraints were found while reading constraint file [C:/Users/felix/Documents/DTU/30082_project_jan_23/Git/DTU/30082/VHDL/Signal_gen/lab3top.xdc]. These constraints will be ignored for synthesis but will be used in implementation. Impacted constraints are listed in the file [.Xil/SigGenTop_propImpl.xdc].
Resolution: To avoid this warning, move constraints listed in [.Xil/SigGenTop_propImpl.xdc] to another XDC file and exclude this new file from synthesis with the used_in_synthesis property (File Properties dialog in GUI) and re-run elaboration/synthesis.
Completed Processing XDC Constraints

Netlist sorting complete. Time (s): cpu = 00:00:00 ; elapsed = 00:00:00 . Memory (MB): peak = 1163.469 ; gain = 0.000
INFO: [Project 1-111] Unisim Transformation Summary:
No Unisim elements were transformed.

Constraint Validation Runtime : Time (s): cpu = 00:00:00 ; elapsed = 00:00:00.004 . Memory (MB): peak = 1163.469 ; gain = 0.000
---------------------------------------------------------------------------------
Finished Constraint Validation : Time (s): cpu = 00:00:11 ; elapsed = 00:00:11 . Memory (MB): peak = 1163.469 ; gain = 126.672
---------------------------------------------------------------------------------
---------------------------------------------------------------------------------
Start Loading Part and Timing Information
---------------------------------------------------------------------------------
Loading part: xc7a35tcpg236-1
---------------------------------------------------------------------------------
Finished Loading Part and Timing Information : Time (s): cpu = 00:00:11 ; elapsed = 00:00:11 . Memory (MB): peak = 1163.469 ; gain = 126.672
---------------------------------------------------------------------------------
---------------------------------------------------------------------------------
Start Applying 'set_property' XDC Constraints
---------------------------------------------------------------------------------
Applied set_property DONT_TOUCH = true for U2/SinusDec. (constraint file  auto generated constraint, line ).
---------------------------------------------------------------------------------
Finished applying 'set_property' XDC Constraints : Time (s): cpu = 00:00:11 ; elapsed = 00:00:11 . Memory (MB): peak = 1163.469 ; gain = 126.672
---------------------------------------------------------------------------------
INFO: [Synth 8-802] inferred FSM for state register 'State_reg' in module 'BTNdb'
---------------------------------------------------------------------------------------------------
                   State |                     New Encoding |                Previous Encoding 
---------------------------------------------------------------------------------------------------
                   btnup |                               00 |                               00
                  wbtnup |                               01 |                               01
                 btndown |                               10 |                               10
                wbtndown |                               11 |                               11
---------------------------------------------------------------------------------------------------
INFO: [Synth 8-3354] encoded FSM with state register 'State_reg' using encoding 'sequential' in module 'BTNdb'
---------------------------------------------------------------------------------
Finished RTL Optimization Phase 2 : Time (s): cpu = 00:00:11 ; elapsed = 00:00:11 . Memory (MB): peak = 1163.469 ; gain = 126.672
---------------------------------------------------------------------------------
---------------------------------------------------------------------------------
Start RTL Component Statistics 
---------------------------------------------------------------------------------
Detailed RTL Component Info : 
+---Adders : 
	   2 Input   32 Bit       Adders := 2     
	   2 Input   31 Bit       Adders := 2     
	   2 Input   25 Bit       Adders := 2     
	  15 Input   16 Bit       Adders := 1     
	   2 Input    8 Bit       Adders := 2     
	   2 Input    2 Bit       Adders := 1     
+---Registers : 
	               25 Bit    Registers := 2     
	                8 Bit    Registers := 5     
	                4 Bit    Registers := 1     
	                2 Bit    Registers := 2     
	                1 Bit    Registers := 2     
+---Muxes : 
	   2 Input   32 Bit        Muxes := 2     
	   2 Input   31 Bit        Muxes := 2     
	   2 Input   25 Bit        Muxes := 2     
	   4 Input   20 Bit        Muxes := 1     
	   2 Input   16 Bit        Muxes := 7     
	   2 Input    8 Bit        Muxes := 3     
	   3 Input    8 Bit        Muxes := 1     
	  32 Input    8 Bit        Muxes := 1     
	   4 Input    4 Bit        Muxes := 2     
	   4 Input    2 Bit        Muxes := 3     
	   2 Input    2 Bit        Muxes := 10    
	   9 Input    2 Bit        Muxes := 1     
	   2 Input    1 Bit        Muxes := 2     
	   4 Input    1 Bit        Muxes := 9     
---------------------------------------------------------------------------------
Finished RTL Component Statistics 
---------------------------------------------------------------------------------
---------------------------------------------------------------------------------
Start Part Resource Summary
---------------------------------------------------------------------------------
Part Resources:
DSPs: 90 (col length:60)
BRAMs: 100 (col length: RAMB18 60 RAMB36 30)
---------------------------------------------------------------------------------
Finished Part Resource Summary
---------------------------------------------------------------------------------
---------------------------------------------------------------------------------
Start Cross Boundary and Area Optimization
---------------------------------------------------------------------------------
---------------------------------------------------------------------------------
Finished Cross Boundary and Area Optimization : Time (s): cpu = 00:00:13 ; elapsed = 00:00:13 . Memory (MB): peak = 1163.469 ; gain = 126.672
---------------------------------------------------------------------------------
---------------------------------------------------------------------------------
Start Applying XDC Timing Constraints
---------------------------------------------------------------------------------
---------------------------------------------------------------------------------
Finished Applying XDC Timing Constraints : Time (s): cpu = 00:00:20 ; elapsed = 00:00:20 . Memory (MB): peak = 1163.469 ; gain = 126.672
---------------------------------------------------------------------------------
---------------------------------------------------------------------------------
Start Timing Optimization
---------------------------------------------------------------------------------
---------------------------------------------------------------------------------
Finished Timing Optimization : Time (s): cpu = 00:00:20 ; elapsed = 00:00:20 . Memory (MB): peak = 1163.469 ; gain = 126.672
---------------------------------------------------------------------------------
---------------------------------------------------------------------------------
Start Technology Mapping
---------------------------------------------------------------------------------
---------------------------------------------------------------------------------
Finished Technology Mapping : Time (s): cpu = 00:00:20 ; elapsed = 00:00:20 . Memory (MB): peak = 1169.734 ; gain = 132.938
---------------------------------------------------------------------------------
---------------------------------------------------------------------------------
Start IO Insertion
---------------------------------------------------------------------------------
---------------------------------------------------------------------------------
Start Flattening Before IO Insertion
---------------------------------------------------------------------------------
---------------------------------------------------------------------------------
Finished Flattening Before IO Insertion
---------------------------------------------------------------------------------
---------------------------------------------------------------------------------
Start Final Netlist Cleanup
---------------------------------------------------------------------------------
---------------------------------------------------------------------------------
Finished Final Netlist Cleanup
---------------------------------------------------------------------------------
CRITICAL WARNING: [Synth 8-6030] Inout pin 'PWMOut' is read and/or written without using tristate logic. Proper direction of connection may be wrongly inferred. Please use specific direction to avoid any incorrect logic issue [C:/Users/felix/Documents/DTU/30082_project_jan_23/Git/DTU/30082/VHDL/Signal_gen/SigGenTop.vhd:30]
---------------------------------------------------------------------------------
Finished IO Insertion : Time (s): cpu = 00:00:23 ; elapsed = 00:00:23 . Memory (MB): peak = 1175.559 ; gain = 138.762
---------------------------------------------------------------------------------
---------------------------------------------------------------------------------
Start Renaming Generated Instances
---------------------------------------------------------------------------------
---------------------------------------------------------------------------------
Finished Renaming Generated Instances : Time (s): cpu = 00:00:23 ; elapsed = 00:00:23 . Memory (MB): peak = 1175.559 ; gain = 138.762
---------------------------------------------------------------------------------
---------------------------------------------------------------------------------
Start Rebuilding User Hierarchy
---------------------------------------------------------------------------------
---------------------------------------------------------------------------------
Finished Rebuilding User Hierarchy : Time (s): cpu = 00:00:23 ; elapsed = 00:00:23 . Memory (MB): peak = 1175.559 ; gain = 138.762
---------------------------------------------------------------------------------
---------------------------------------------------------------------------------
Start Renaming Generated Ports
---------------------------------------------------------------------------------
---------------------------------------------------------------------------------
Finished Renaming Generated Ports : Time (s): cpu = 00:00:23 ; elapsed = 00:00:23 . Memory (MB): peak = 1175.559 ; gain = 138.762
---------------------------------------------------------------------------------
---------------------------------------------------------------------------------
Start Handling Custom Attributes
---------------------------------------------------------------------------------
---------------------------------------------------------------------------------
Finished Handling Custom Attributes : Time (s): cpu = 00:00:24 ; elapsed = 00:00:23 . Memory (MB): peak = 1175.559 ; gain = 138.762
---------------------------------------------------------------------------------
---------------------------------------------------------------------------------
Start Renaming Generated Nets
---------------------------------------------------------------------------------
---------------------------------------------------------------------------------
Finished Renaming Generated Nets : Time (s): cpu = 00:00:24 ; elapsed = 00:00:24 . Memory (MB): peak = 1175.559 ; gain = 138.762
---------------------------------------------------------------------------------
---------------------------------------------------------------------------------
Start Writing Synthesis Report
---------------------------------------------------------------------------------

Report BlackBoxes: 
+------+--------------+----------+
|      |BlackBox name |Instances |
+------+--------------+----------+
|1     |sinusLUT      |         1|
+------+--------------+----------+

Report Cell Usage: 
+------+---------+------+
|      |Cell     |Count |
+------+---------+------+
|1     |sinusLUT |     1|
|2     |BUFG     |     2|
|3     |CARRY4   |    38|
|4     |LUT1     |     3|
|5     |LUT2     |   105|
|6     |LUT3     |    27|
|7     |LUT4     |    34|
|8     |LUT5     |    49|
|9     |LUT6     |    65|
|10    |FDCE     |   138|
|11    |FDPE     |     2|
|12    |IBUF     |    13|
|13    |OBUF     |    14|
+------+---------+------+
---------------------------------------------------------------------------------
Finished Writing Synthesis Report : Time (s): cpu = 00:00:24 ; elapsed = 00:00:24 . Memory (MB): peak = 1175.559 ; gain = 138.762
---------------------------------------------------------------------------------
Synthesis finished with 0 errors, 1 critical warnings and 0 warnings.
Synthesis Optimization Runtime : Time (s): cpu = 00:00:17 ; elapsed = 00:00:22 . Memory (MB): peak = 1175.559 ; gain = 30.176
Synthesis Optimization Complete : Time (s): cpu = 00:00:24 ; elapsed = 00:00:24 . Memory (MB): peak = 1175.559 ; gain = 138.762
INFO: [Project 1-571] Translating synthesized netlist
Netlist sorting complete. Time (s): cpu = 00:00:00 ; elapsed = 00:00:00.008 . Memory (MB): peak = 1187.598 ; gain = 0.000
INFO: [Netlist 29-17] Analyzing 38 Unisim elements for replacement
INFO: [Netlist 29-28] Unisim Transformation completed in 0 CPU seconds
INFO: [Project 1-570] Preparing netlist for logic optimization
INFO: [Opt 31-138] Pushed 0 inverter(s) to 0 load pin(s).
Netlist sorting complete. Time (s): cpu = 00:00:00 ; elapsed = 00:00:00.001 . Memory (MB): peak = 1187.598 ; gain = 0.000
INFO: [Project 1-111] Unisim Transformation Summary:
No Unisim elements were transformed.

INFO: [Common 17-83] Releasing license: Synthesis
35 Infos, 2 Warnings, 2 Critical Warnings and 0 Errors encountered.
synth_design completed successfully
synth_design: Time (s): cpu = 00:00:29 ; elapsed = 00:00:30 . Memory (MB): peak = 1187.598 ; gain = 150.801
INFO: [Common 17-1381] The checkpoint 'C:/Users/felix/Documents/DTU/30082_project_jan_23/Git/DTU/30082/VHDL/Signal_gen/Signal_gen.runs/synth_1/SigGenTop.dcp' has been generated.
INFO: [runtcl-4] Executing : report_utilization -file SigGenTop_utilization_synth.rpt -pb SigGenTop_utilization_synth.pb
INFO: [Common 17-206] Exiting Vivado at Wed Jan  4 14:13:48 2023...
