
*** Running vivado
    with args -log SigGenTop.vds -m64 -product Vivado -mode batch -messageDb vivado.pb -notrace -source SigGenTop.tcl



****** Vivado v2022.2 (64-bit)
  **** SW Build 3671981 on Fri Oct 14 05:00:03 MDT 2022
  **** IP Build 3669848 on Fri Oct 14 08:30:02 MDT 2022
    ** Copyright 1986-2022 Xilinx, Inc. All Rights Reserved.

source SigGenTop.tcl -notrace
Command: synth_design -top SigGenTop -part xc7a35tcpg236-1
Starting synth_design
WARNING: [Vivado_Tcl 4-393] The 'Synthesis' target of the following IPs are stale, please generate the output products using the generate_target or synth_ip command before running synth_design.
C:/Users/felix/Documents/DTU/30082_project_jan_23/Git/DTU/30082/VHDL/Signal_gen_2022/sinusLUT.xci

INFO: [IP_Flow 19-2162] IP 'sinusLUT' is locked:
* IP definition 'Block Memory Generator (8.4)' for IP 'sinusLUT' (customized with software release 2020.1) has a different revision in the IP Catalog.
Attempting to get a license for feature 'Synthesis' and/or device 'xc7a35t'
INFO: [Common 17-349] Got license for feature 'Synthesis' and/or device 'xc7a35t'
INFO: [Device 21-403] Loading part xc7a35tcpg236-1
INFO: [Synth 8-7079] Multithreading enabled for synth_design using a maximum of 2 processes.
INFO: [Synth 8-7078] Launching helper process for spawning children vivado processes
INFO: [Synth 8-7075] Helper process launched with PID 2572
INFO: [Synth 8-11241] undeclared symbol 'REGCCE', assumed default net type 'wire' [C:/Xilinx/Vivado/2022.2/data/verilog/src/unimacro/BRAM_SINGLE_MACRO.v:2170]
---------------------------------------------------------------------------------
Starting RTL Elaboration : Time (s): cpu = 00:00:05 ; elapsed = 00:00:05 . Memory (MB): peak = 1821.895 ; gain = 407.363
---------------------------------------------------------------------------------
INFO: [Synth 8-638] synthesizing module 'SigGenTop' [C:/Users/felix/Documents/DTU/30082_project_jan_23/Git/DTU/30082/VHDL/Signal_gen_2022/SigGenTop.vhd:54]
INFO: [Synth 8-638] synthesizing module 'DivClk' [C:/Users/felix/Documents/DTU/30082_project_jan_23/Git/DTU/30082/VHDL/Signal_gen_2022/DivClk.vhd:14]
INFO: [Synth 8-256] done synthesizing module 'DivClk' (0#1) [C:/Users/felix/Documents/DTU/30082_project_jan_23/Git/DTU/30082/VHDL/Signal_gen_2022/DivClk.vhd:14]
INFO: [Synth 8-638] synthesizing module 'SigGenControl' [C:/Users/felix/Documents/DTU/30082_project_jan_23/Git/DTU/30082/VHDL/Signal_gen_2022/SigGenControl.vhd:51]
WARNING: [Synth 8-614] signal 'SHIFTREG' is read in the process but is not in the sensitivity list [C:/Users/felix/Documents/DTU/30082_project_jan_23/Git/DTU/30082/VHDL/Signal_gen_2022/SigGenControl.vhd:190]
WARNING: [Synth 8-614] signal 'ID_ok' is read in the process but is not in the sensitivity list [C:/Users/felix/Documents/DTU/30082_project_jan_23/Git/DTU/30082/VHDL/Signal_gen_2022/SigGenControl.vhd:190]
WARNING: [Synth 8-614] signal 'Pack_count' is read in the process but is not in the sensitivity list [C:/Users/felix/Documents/DTU/30082_project_jan_23/Git/DTU/30082/VHDL/Signal_gen_2022/SigGenControl.vhd:190]
WARNING: [Synth 8-614] signal 'SHIFTREG_data' is read in the process but is not in the sensitivity list [C:/Users/felix/Documents/DTU/30082_project_jan_23/Git/DTU/30082/VHDL/Signal_gen_2022/SigGenControl.vhd:190]
WARNING: [Synth 8-614] signal 'CheckSum' is read in the process but is not in the sensitivity list [C:/Users/felix/Documents/DTU/30082_project_jan_23/Git/DTU/30082/VHDL/Signal_gen_2022/SigGenControl.vhd:190]
WARNING: [Synth 8-614] signal 'ID' is read in the process but is not in the sensitivity list [C:/Users/felix/Documents/DTU/30082_project_jan_23/Git/DTU/30082/VHDL/Signal_gen_2022/SigGenControl.vhd:190]
WARNING: [Synth 8-614] signal 'Amp_SPI' is read in the process but is not in the sensitivity list [C:/Users/felix/Documents/DTU/30082_project_jan_23/Git/DTU/30082/VHDL/Signal_gen_2022/SigGenControl.vhd:190]
WARNING: [Synth 8-614] signal 'Freq_SPI' is read in the process but is not in the sensitivity list [C:/Users/felix/Documents/DTU/30082_project_jan_23/Git/DTU/30082/VHDL/Signal_gen_2022/SigGenControl.vhd:190]
WARNING: [Synth 8-614] signal 'Shape_stat_SPI' is read in the process but is not in the sensitivity list [C:/Users/felix/Documents/DTU/30082_project_jan_23/Git/DTU/30082/VHDL/Signal_gen_2022/SigGenControl.vhd:190]
INFO: [Synth 8-3491] module 'BTNdb' declared at 'C:/Users/felix/Documents/DTU/30082_project_jan_23/Git/DTU/30082/VHDL/Signal_gen_2022/BTNdb.vhd:30' bound to instance 'Deb1' of component 'BTNdb' [C:/Users/felix/Documents/DTU/30082_project_jan_23/Git/DTU/30082/VHDL/Signal_gen_2022/SigGenControl.vhd:277]
INFO: [Synth 8-638] synthesizing module 'BTNdb' [C:/Users/felix/Documents/DTU/30082_project_jan_23/Git/DTU/30082/VHDL/Signal_gen_2022/BTNdb.vhd:36]
INFO: [Synth 8-256] done synthesizing module 'BTNdb' (0#1) [C:/Users/felix/Documents/DTU/30082_project_jan_23/Git/DTU/30082/VHDL/Signal_gen_2022/BTNdb.vhd:36]
INFO: [Synth 8-3491] module 'BTNdb' declared at 'C:/Users/felix/Documents/DTU/30082_project_jan_23/Git/DTU/30082/VHDL/Signal_gen_2022/BTNdb.vhd:30' bound to instance 'Deb2' of component 'BTNdb' [C:/Users/felix/Documents/DTU/30082_project_jan_23/Git/DTU/30082/VHDL/Signal_gen_2022/SigGenControl.vhd:279]
INFO: [Synth 8-256] done synthesizing module 'SigGenControl' (0#1) [C:/Users/felix/Documents/DTU/30082_project_jan_23/Git/DTU/30082/VHDL/Signal_gen_2022/SigGenControl.vhd:51]
INFO: [Synth 8-638] synthesizing module 'SigGenDatapath' [C:/Users/felix/Documents/DTU/30082_project_jan_23/Git/DTU/30082/VHDL/Signal_gen_2022/SigGenDatapath.vhd:36]
	Parameter PWMinc bound to: 7'b0000001 
INFO: [Synth 8-6157] synthesizing module 'sinusLUT' [C:/Users/felix/Documents/DTU/30082_project_jan_23/Git/DTU/30082/VHDL/Signal_gen_2022/Signal_gen.runs/synth_1/.Xil/Vivado-18156-DESKTOP-LOLTF0F/realtime/sinusLUT_stub.v:5]
INFO: [Synth 8-6155] done synthesizing module 'sinusLUT' (0#1) [C:/Users/felix/Documents/DTU/30082_project_jan_23/Git/DTU/30082/VHDL/Signal_gen_2022/Signal_gen.runs/synth_1/.Xil/Vivado-18156-DESKTOP-LOLTF0F/realtime/sinusLUT_stub.v:5]
INFO: [Synth 8-256] done synthesizing module 'SigGenDatapath' (0#1) [C:/Users/felix/Documents/DTU/30082_project_jan_23/Git/DTU/30082/VHDL/Signal_gen_2022/SigGenDatapath.vhd:36]
INFO: [Synth 8-638] synthesizing module 'SevenSeg5' [C:/Users/felix/Documents/DTU/30082_project_jan_23/Git/DTU/30082/VHDL/Signal_gen_2022/SevenSeg5.vhd:14]
INFO: [Synth 8-226] default block is never used [C:/Users/felix/Documents/DTU/30082_project_jan_23/Git/DTU/30082/VHDL/Signal_gen_2022/SevenSeg5.vhd:52]
INFO: [Synth 8-226] default block is never used [C:/Users/felix/Documents/DTU/30082_project_jan_23/Git/DTU/30082/VHDL/Signal_gen_2022/SevenSeg5.vhd:71]
INFO: [Synth 8-256] done synthesizing module 'SevenSeg5' (0#1) [C:/Users/felix/Documents/DTU/30082_project_jan_23/Git/DTU/30082/VHDL/Signal_gen_2022/SevenSeg5.vhd:14]
INFO: [Synth 8-256] done synthesizing module 'SigGenTop' (0#1) [C:/Users/felix/Documents/DTU/30082_project_jan_23/Git/DTU/30082/VHDL/Signal_gen_2022/SigGenTop.vhd:54]
WARNING: [Synth 8-6014] Unused sequential element Stat2_reg was removed.  [C:/Users/felix/Documents/DTU/30082_project_jan_23/Git/DTU/30082/VHDL/Signal_gen_2022/SigGenControl.vhd:200]
---------------------------------------------------------------------------------
Finished RTL Elaboration : Time (s): cpu = 00:00:07 ; elapsed = 00:00:07 . Memory (MB): peak = 1918.613 ; gain = 504.082
---------------------------------------------------------------------------------
---------------------------------------------------------------------------------
Start Handling Custom Attributes
---------------------------------------------------------------------------------
---------------------------------------------------------------------------------
Finished Handling Custom Attributes : Time (s): cpu = 00:00:07 ; elapsed = 00:00:07 . Memory (MB): peak = 1918.613 ; gain = 504.082
---------------------------------------------------------------------------------
---------------------------------------------------------------------------------
Finished RTL Optimization Phase 1 : Time (s): cpu = 00:00:07 ; elapsed = 00:00:07 . Memory (MB): peak = 1918.613 ; gain = 504.082
---------------------------------------------------------------------------------
Netlist sorting complete. Time (s): cpu = 00:00:00 ; elapsed = 00:00:00.010 . Memory (MB): peak = 1918.613 ; gain = 0.000
INFO: [Project 1-570] Preparing netlist for logic optimization

Processing XDC Constraints
Initializing timing engine
Parsing XDC File [c:/Users/felix/Documents/DTU/30082_project_jan_23/Git/DTU/30082/VHDL/Signal_gen_2022/sinusLUT/sinusLUT_in_context.xdc] for cell 'U2/SinusDec'
Finished Parsing XDC File [c:/Users/felix/Documents/DTU/30082_project_jan_23/Git/DTU/30082/VHDL/Signal_gen_2022/sinusLUT/sinusLUT_in_context.xdc] for cell 'U2/SinusDec'
Parsing XDC File [C:/Users/felix/Documents/DTU/30082_project_jan_23/Git/DTU/30082/VHDL/Signal_gen_2022/lab3top.xdc]
WARNING: [Vivado 12-584] No ports matched 'sigEn'. [C:/Users/felix/Documents/DTU/30082_project_jan_23/Git/DTU/30082/VHDL/Signal_gen_2022/lab3top.xdc:39]
Finished Parsing XDC File [C:/Users/felix/Documents/DTU/30082_project_jan_23/Git/DTU/30082/VHDL/Signal_gen_2022/lab3top.xdc]
WARNING: [Project 1-498] One or more constraints failed evaluation while reading constraint file [C:/Users/felix/Documents/DTU/30082_project_jan_23/Git/DTU/30082/VHDL/Signal_gen_2022/lab3top.xdc] and the design contains unresolved black boxes. These constraints will be read post-synthesis (as long as their source constraint file is marked as used_in_implementation) and should be applied correctly then. You should review the constraints listed in the file [.Xil/SigGenTop_propImpl.xdc] and check the run log file to verify that these constraints were correctly applied.
INFO: [Project 1-236] Implementation specific constraints were found while reading constraint file [C:/Users/felix/Documents/DTU/30082_project_jan_23/Git/DTU/30082/VHDL/Signal_gen_2022/lab3top.xdc]. These constraints will be ignored for synthesis but will be used in implementation. Impacted constraints are listed in the file [.Xil/SigGenTop_propImpl.xdc].
Resolution: To avoid this warning, move constraints listed in [.Xil/SigGenTop_propImpl.xdc] to another XDC file and exclude this new file from synthesis with the used_in_synthesis property (File Properties dialog in GUI) and re-run elaboration/synthesis.
Completed Processing XDC Constraints

Netlist sorting complete. Time (s): cpu = 00:00:00 ; elapsed = 00:00:00 . Memory (MB): peak = 2010.719 ; gain = 0.000
INFO: [Project 1-111] Unisim Transformation Summary:
No Unisim elements were transformed.

Constraint Validation Runtime : Time (s): cpu = 00:00:00 ; elapsed = 00:00:00.003 . Memory (MB): peak = 2010.719 ; gain = 0.000
INFO: [Synth 8-11241] undeclared symbol 'REGCCE', assumed default net type 'wire' [C:/Xilinx/Vivado/2022.2/data/verilog/src/unimacro/BRAM_SINGLE_MACRO.v:2170]
---------------------------------------------------------------------------------
Finished Constraint Validation : Time (s): cpu = 00:00:14 ; elapsed = 00:00:15 . Memory (MB): peak = 2010.719 ; gain = 596.188
---------------------------------------------------------------------------------
---------------------------------------------------------------------------------
Start Loading Part and Timing Information
---------------------------------------------------------------------------------
Loading part: xc7a35tcpg236-1
---------------------------------------------------------------------------------
Finished Loading Part and Timing Information : Time (s): cpu = 00:00:14 ; elapsed = 00:00:15 . Memory (MB): peak = 2010.719 ; gain = 596.188
---------------------------------------------------------------------------------
---------------------------------------------------------------------------------
Start Applying 'set_property' XDC Constraints
---------------------------------------------------------------------------------
Applied set_property KEEP_HIERARCHY = SOFT for U2/SinusDec. (constraint file  auto generated constraint).
---------------------------------------------------------------------------------
Finished applying 'set_property' XDC Constraints : Time (s): cpu = 00:00:14 ; elapsed = 00:00:15 . Memory (MB): peak = 2010.719 ; gain = 596.188
---------------------------------------------------------------------------------
INFO: [Synth 8-802] inferred FSM for state register 'State_reg' in module 'BTNdb'
---------------------------------------------------------------------------------------------------
                   State |                     New Encoding |                Previous Encoding 
---------------------------------------------------------------------------------------------------
                   btnup |                               00 |                               00
                  wbtnup |                               01 |                               01
                 btndown |                               10 |                               10
                wbtndown |                               11 |                               11
---------------------------------------------------------------------------------------------------
INFO: [Synth 8-3354] encoded FSM with state register 'State_reg' using encoding 'sequential' in module 'BTNdb'
WARNING: [Synth 8-327] inferring latch for variable 'SHIFTREG_out_reg' [C:/Users/felix/Documents/DTU/30082_project_jan_23/Git/DTU/30082/VHDL/Signal_gen_2022/SigGenControl.vhd:223]
WARNING: [Synth 8-327] inferring latch for variable 'ID_ok_reg' [C:/Users/felix/Documents/DTU/30082_project_jan_23/Git/DTU/30082/VHDL/Signal_gen_2022/SigGenControl.vhd:226]
WARNING: [Synth 8-327] inferring latch for variable 'Stat2' [C:/Users/felix/Documents/DTU/30082_project_jan_23/Git/DTU/30082/VHDL/Signal_gen_2022/SigGenControl.vhd:195]
WARNING: [Synth 8-327] inferring latch for variable 'Stat3_reg' [C:/Users/felix/Documents/DTU/30082_project_jan_23/Git/DTU/30082/VHDL/Signal_gen_2022/SigGenControl.vhd:239]
WARNING: [Synth 8-327] inferring latch for variable 'Stat4_reg' [C:/Users/felix/Documents/DTU/30082_project_jan_23/Git/DTU/30082/VHDL/Signal_gen_2022/SigGenControl.vhd:240]
WARNING: [Synth 8-327] inferring latch for variable 'Pack_count_reg' [C:/Users/felix/Documents/DTU/30082_project_jan_23/Git/DTU/30082/VHDL/Signal_gen_2022/SigGenControl.vhd:227]
---------------------------------------------------------------------------------
Finished RTL Optimization Phase 2 : Time (s): cpu = 00:00:14 ; elapsed = 00:00:15 . Memory (MB): peak = 2010.719 ; gain = 596.188
---------------------------------------------------------------------------------
---------------------------------------------------------------------------------
Start RTL Component Statistics 
---------------------------------------------------------------------------------
Detailed RTL Component Info : 
+---Adders : 
	   2 Input   32 Bit       Adders := 2     
	   2 Input   31 Bit       Adders := 2     
	   2 Input   25 Bit       Adders := 2     
	   8 Input   16 Bit       Adders := 1     
	   2 Input    8 Bit       Adders := 2     
	   2 Input    6 Bit       Adders := 1     
	   2 Input    3 Bit       Adders := 1     
	   2 Input    2 Bit       Adders := 1     
+---Registers : 
	               25 Bit    Registers := 2     
	                8 Bit    Registers := 6     
	                4 Bit    Registers := 1     
	                3 Bit    Registers := 1     
	                2 Bit    Registers := 2     
	                1 Bit    Registers := 3     
+---Muxes : 
	   2 Input   32 Bit        Muxes := 2     
	   2 Input   31 Bit        Muxes := 2     
	   2 Input   25 Bit        Muxes := 2     
	   4 Input   20 Bit        Muxes := 1     
	   2 Input   16 Bit        Muxes := 7     
	   2 Input    8 Bit        Muxes := 3     
	   3 Input    8 Bit        Muxes := 1     
	  32 Input    8 Bit        Muxes := 1     
	   2 Input    6 Bit        Muxes := 1     
	   4 Input    4 Bit        Muxes := 2     
	   4 Input    2 Bit        Muxes := 4     
	   2 Input    2 Bit        Muxes := 11    
	   3 Input    2 Bit        Muxes := 2     
	   2 Input    1 Bit        Muxes := 2     
	   4 Input    1 Bit        Muxes := 9     
---------------------------------------------------------------------------------
Finished RTL Component Statistics 
---------------------------------------------------------------------------------
---------------------------------------------------------------------------------
Start Part Resource Summary
---------------------------------------------------------------------------------
Part Resources:
DSPs: 90 (col length:60)
BRAMs: 100 (col length: RAMB18 60 RAMB36 30)
---------------------------------------------------------------------------------
Finished Part Resource Summary
---------------------------------------------------------------------------------
---------------------------------------------------------------------------------
Start Cross Boundary and Area Optimization
---------------------------------------------------------------------------------
WARNING: [Synth 8-7080] Parallel synthesis criteria is not met
---------------------------------------------------------------------------------
Finished Cross Boundary and Area Optimization : Time (s): cpu = 00:00:17 ; elapsed = 00:00:18 . Memory (MB): peak = 2010.719 ; gain = 596.188
---------------------------------------------------------------------------------
---------------------------------------------------------------------------------
Start Applying XDC Timing Constraints
---------------------------------------------------------------------------------
---------------------------------------------------------------------------------
Finished Applying XDC Timing Constraints : Time (s): cpu = 00:00:22 ; elapsed = 00:00:23 . Memory (MB): peak = 2010.719 ; gain = 596.188
---------------------------------------------------------------------------------
---------------------------------------------------------------------------------
Start Timing Optimization
---------------------------------------------------------------------------------
---------------------------------------------------------------------------------
Finished Timing Optimization : Time (s): cpu = 00:00:22 ; elapsed = 00:00:23 . Memory (MB): peak = 2010.719 ; gain = 596.188
---------------------------------------------------------------------------------
---------------------------------------------------------------------------------
Start Technology Mapping
---------------------------------------------------------------------------------
---------------------------------------------------------------------------------
Finished Technology Mapping : Time (s): cpu = 00:00:23 ; elapsed = 00:00:23 . Memory (MB): peak = 2010.719 ; gain = 596.188
---------------------------------------------------------------------------------
---------------------------------------------------------------------------------
Start IO Insertion
---------------------------------------------------------------------------------
---------------------------------------------------------------------------------
Start Flattening Before IO Insertion
---------------------------------------------------------------------------------
---------------------------------------------------------------------------------
Finished Flattening Before IO Insertion
---------------------------------------------------------------------------------
---------------------------------------------------------------------------------
Start Final Netlist Cleanup
---------------------------------------------------------------------------------
---------------------------------------------------------------------------------
Finished Final Netlist Cleanup
---------------------------------------------------------------------------------
CRITICAL WARNING: [Synth 8-6030] Inout pin 'PWMOut' is read and/or written without using tristate logic. Proper direction of connection may be wrongly inferred. Please use specific direction to avoid any incorrect logic issue [C:/Users/felix/Documents/DTU/30082_project_jan_23/Git/DTU/30082/VHDL/Signal_gen_2022/SigGenTop.vhd:30]
---------------------------------------------------------------------------------
Finished IO Insertion : Time (s): cpu = 00:00:27 ; elapsed = 00:00:28 . Memory (MB): peak = 2010.719 ; gain = 596.188
---------------------------------------------------------------------------------
---------------------------------------------------------------------------------
Start Renaming Generated Instances
---------------------------------------------------------------------------------
---------------------------------------------------------------------------------
Finished Renaming Generated Instances : Time (s): cpu = 00:00:27 ; elapsed = 00:00:28 . Memory (MB): peak = 2010.719 ; gain = 596.188
---------------------------------------------------------------------------------
---------------------------------------------------------------------------------
Start Rebuilding User Hierarchy
---------------------------------------------------------------------------------
---------------------------------------------------------------------------------
Finished Rebuilding User Hierarchy : Time (s): cpu = 00:00:27 ; elapsed = 00:00:28 . Memory (MB): peak = 2010.719 ; gain = 596.188
---------------------------------------------------------------------------------
---------------------------------------------------------------------------------
Start Renaming Generated Ports
---------------------------------------------------------------------------------
---------------------------------------------------------------------------------
Finished Renaming Generated Ports : Time (s): cpu = 00:00:27 ; elapsed = 00:00:28 . Memory (MB): peak = 2010.719 ; gain = 596.188
---------------------------------------------------------------------------------
---------------------------------------------------------------------------------
Start Handling Custom Attributes
---------------------------------------------------------------------------------
---------------------------------------------------------------------------------
Finished Handling Custom Attributes : Time (s): cpu = 00:00:27 ; elapsed = 00:00:28 . Memory (MB): peak = 2010.719 ; gain = 596.188
---------------------------------------------------------------------------------
---------------------------------------------------------------------------------
Start Renaming Generated Nets
---------------------------------------------------------------------------------
---------------------------------------------------------------------------------
Finished Renaming Generated Nets : Time (s): cpu = 00:00:27 ; elapsed = 00:00:28 . Memory (MB): peak = 2010.719 ; gain = 596.188
---------------------------------------------------------------------------------
---------------------------------------------------------------------------------
Start Writing Synthesis Report
---------------------------------------------------------------------------------

Report BlackBoxes: 
+------+--------------+----------+
|      |BlackBox name |Instances |
+------+--------------+----------+
|1     |sinusLUT      |         1|
+------+--------------+----------+

Report Cell Usage: 
+------+---------+------+
|      |Cell     |Count |
+------+---------+------+
|1     |sinusLUT |     1|
|2     |BUFG     |     4|
|3     |CARRY4   |    38|
|4     |LUT1     |     6|
|5     |LUT2     |   109|
|6     |LUT3     |    31|
|7     |LUT4     |    36|
|8     |LUT5     |    53|
|9     |LUT6     |    69|
|10    |FDCE     |   138|
|11    |FDPE     |     5|
|12    |FDRE     |     9|
|13    |LD       |    15|
|14    |LDC      |     2|
|15    |LDP      |     1|
|16    |IBUF     |    16|
|17    |OBUF     |    28|
+------+---------+------+
---------------------------------------------------------------------------------
Finished Writing Synthesis Report : Time (s): cpu = 00:00:27 ; elapsed = 00:00:28 . Memory (MB): peak = 2010.719 ; gain = 596.188
---------------------------------------------------------------------------------
Synthesis finished with 0 errors, 1 critical warnings and 7 warnings.
Synthesis Optimization Runtime : Time (s): cpu = 00:00:20 ; elapsed = 00:00:27 . Memory (MB): peak = 2010.719 ; gain = 504.082
Synthesis Optimization Complete : Time (s): cpu = 00:00:28 ; elapsed = 00:00:28 . Memory (MB): peak = 2010.719 ; gain = 596.188
INFO: [Project 1-571] Translating synthesized netlist
Netlist sorting complete. Time (s): cpu = 00:00:00 ; elapsed = 00:00:00.008 . Memory (MB): peak = 2010.719 ; gain = 0.000
INFO: [Netlist 29-17] Analyzing 56 Unisim elements for replacement
INFO: [Netlist 29-28] Unisim Transformation completed in 0 CPU seconds
INFO: [Project 1-570] Preparing netlist for logic optimization
INFO: [Opt 31-138] Pushed 0 inverter(s) to 0 load pin(s).
Netlist sorting complete. Time (s): cpu = 00:00:00 ; elapsed = 00:00:00 . Memory (MB): peak = 2010.719 ; gain = 0.000
INFO: [Project 1-111] Unisim Transformation Summary:
  A total of 18 instances were transformed.
  LD => LDCE: 15 instances
  LDC => LDCE: 2 instances
  LDP => LDPE: 1 instance 

Synth Design complete, checksum: e89e71c9
INFO: [Common 17-83] Releasing license: Synthesis
38 Infos, 20 Warnings, 1 Critical Warnings and 0 Errors encountered.
synth_design completed successfully
synth_design: Time (s): cpu = 00:00:32 ; elapsed = 00:00:33 . Memory (MB): peak = 2010.719 ; gain = 974.918
INFO: [runtcl-6] Synthesis results are not added to the cache due to CRITICAL_WARNING
INFO: [Common 17-1381] The checkpoint 'C:/Users/felix/Documents/DTU/30082_project_jan_23/Git/DTU/30082/VHDL/Signal_gen_2022/Signal_gen.runs/synth_1/SigGenTop.dcp' has been generated.
INFO: [runtcl-4] Executing : report_utilization -file SigGenTop_utilization_synth.rpt -pb SigGenTop_utilization_synth.pb
INFO: [Common 17-206] Exiting Vivado at Wed Jan 11 01:02:21 2023...
