Release 14.1 Map P.15xf (nt64)
Xilinx Mapping Report File for Design 'SigGenTop'

Design Information
------------------
Command Line   : map -intstyle ise -p xc7a350t-fbg484-1 -w -logic_opt off -ol
high -t 1 -xt 0 -register_duplication off -r 4 -mt off -ir off -pr off -lc off
-power off -o SigGenTop_map.ncd SigGenTop.ngd SigGenTop.pcf 
Target Device  : xc7a350t
Target Package : fbg484
Target Speed   : -1
Mapper Version : artix7 -- $Revision: 1.55 $
Mapped Date    : Wed Jan 04 11:03:41 2023

Design Summary
--------------
Number of errors   :   5
Number of warnings :   1

Section 1 - Errors
------------------
ERROR:MapLib:30 - LOC constraint W13 on SW<7> is invalid: No such site on the
   device. To bypass this error set the environment variable 'XIL_MAP_LOCWARN'.
ERROR:MapLib:30 - LOC constraint V16 on SW<1> is invalid: No such site on the
   device. To bypass this error set the environment variable 'XIL_MAP_LOCWARN'.
ERROR:MapLib:30 - LOC constraint P18 on BTN3 is invalid: No such site on the
   device. To bypass this error set the environment variable 'XIL_MAP_LOCWARN'.
ERROR:MapLib:30 - LOC constraint U4 on An<2> is invalid: No such site on the
   device. To bypass this error set the environment variable 'XIL_MAP_LOCWARN'.
ERROR:MapLib:30 - LOC constraint U8 on Cat<2> is invalid: No such site on the
   device. To bypass this error set the environment variable 'XIL_MAP_LOCWARN'.

Section 2 - Warnings
--------------------
WARNING:Security:43 - No license file was found in the standard Xilinx license
directory.
WARNING:Security:44 - Since no license file was found,
WARNING:Security:42 - Your license support version '2023.01' for ISE expires in
27 days after which you will not qualify for Xilinx software updates or new
releases.
WARNING:LIT:701 - PAD symbol "Clk" has an undefined IOSTANDARD.

Section 3 - Informational
-------------------------
INFO:Security:50 - The XILINXD_LICENSE_FILE environment variable is set to
'2100@xilinx.winbar.dtu.dk'.
INFO:Security:53 - The LM_LICENSE_FILE environment variable is not set.
INFO:Security:56 - Part 'xc7a350t' is not a WebPack part.

Section 4 - Removed Logic Summary
---------------------------------

Section 5 - Removed Logic
-------------------------
