Vivado Simulator v2022.2
Copyright 1986-1999, 2001-2022 Xilinx, Inc. All Rights Reserved.
Running: C:/Xilinx/Vivado/2022.2/bin/unwrapped/win64.o/xelab.exe --incr --debug typical --relax --mt 2 -L xil_defaultlib -L secureip --snapshot Black_box_datapath_tb_behav xil_defaultlib.Black_box_datapath_tb -log elaborate.log 
Using 2 slave threads.
Starting static elaboration
Completed static elaboration
<<<<<<< HEAD:62711/VHDLV3/VHDL/VHDL_Gruppe4/Datapath/project_2.sim/sim_1/behav/xsim/elaborate.log
INFO: [XSIM 43-4323] No Change in HDL. Linking previously generated obj files to create kernel
=======
Starting simulation data flow analysis
Completed simulation data flow analysis
Time Resolution for simulation is 1ps
Compiling package std.standard
Compiling package std.textio
Compiling package ieee.std_logic_1164
Compiling package ieee.numeric_std
Compiling architecture behavioral of entity xil_defaultlib.input_4mux [input_4mux_default]
Compiling architecture behavioral of entity xil_defaultlib.mux_16x1_rev2 [mux_16x1_rev2_default]
Compiling architecture behavioral of entity xil_defaultlib.D_FF_EN_RESET [d_ff_en_reset_default]
Compiling architecture behavioral of entity xil_defaultlib.registerR16 [registerr16_default]
Compiling architecture behavioral of entity xil_defaultlib.Decoder_2to4 [decoder_2to4_default]
Compiling architecture behavioral of entity xil_defaultlib.Decoder_4to16 [decoder_4to16_default]
Compiling architecture behavioral of entity xil_defaultlib.top_module_RF [top_module_rf_default]
Compiling architecture behavioral of entity xil_defaultlib.input_2mux [input_2mux_default]
Compiling architecture behavioral of entity xil_defaultlib.mux_2x1_8bit [mux_2x1_8bit_default]
Compiling architecture behavioral of entity xil_defaultlib.full_add [full_add_default]
Compiling architecture behavioral of entity xil_defaultlib.full_adder [full_adder_default]
Compiling architecture behavioral of entity xil_defaultlib.ALU [alu_default]
Compiling architecture behavioral of entity xil_defaultlib.Shift_R [shift_r_default]
Compiling architecture behavioral of entity xil_defaultlib.Shift_L [shift_l_default]
Compiling architecture behavioral of entity xil_defaultlib.Shifter [shifter_default]
Compiling architecture behavioral of entity xil_defaultlib.FU [fu_default]
Compiling architecture behavioral of entity xil_defaultlib.Black_box_datapath [black_box_datapath_default]
Compiling architecture bench of entity xil_defaultlib.black_box_datapath_tb
Built simulation snapshot Black_box_datapath_tb_behav
>>>>>>> a440d7e963381e3b003136e4899446b3c35b2521:62711/PWA_final/PWA_final.sim/sim_1/behav/xsim/elaborate.log
