Copyright 1986-2020 Xilinx, Inc. All Rights Reserved.
-----------------------------------------------------------------------------------------
| Tool Version : Vivado v.2020.1 (win64) Build 2902540 Wed May 27 19:54:49 MDT 2020
| Date         : Tue May  9 11:41:08 2023
| Host         : DESKTOP-MKAFNHE running 64-bit major release  (build 9200)
| Command      : report_control_sets -verbose -file PWF_complete_control_sets_placed.rpt
| Design       : PWF_complete
| Device       : xc7a100t
-----------------------------------------------------------------------------------------

Control Set Information

Table of Contents
-----------------
1. Summary
2. Histogram
3. Flip-Flop Distribution
4. Detailed Control Set Information

1. Summary
----------

+----------------------------------------------------------+-------+
|                          Status                          | Count |
+----------------------------------------------------------+-------+
| Total control sets                                       |    36 |
|    Minimum number of control sets                        |    36 |
|    Addition due to synthesis replication                 |     0 |
|    Addition due to physical synthesis replication        |     0 |
| Unused register locations in slices containing registers |    39 |
+----------------------------------------------------------+-------+
* Control sets can be merged at opt_design using control_set_merge or merge_equivalent_drivers
** Run report_qor_suggestions for automated merging and remapping suggestions


2. Histogram
------------

+--------------------+-------+
|       Fanout       | Count |
+--------------------+-------+
| Total control sets |    36 |
| >= 0 to < 4        |     3 |
| >= 4 to < 6        |     0 |
| >= 6 to < 8        |     2 |
| >= 8 to < 10       |    27 |
| >= 10 to < 12      |     0 |
| >= 12 to < 14      |     2 |
| >= 14 to < 16      |     0 |
| >= 16              |     2 |
+--------------------+-------+
* Control sets can be remapped at either synth_design or opt_design


3. Flip-Flop Distribution
-------------------------

+--------------+-----------------------+------------------------+-----------------+--------------+
| Clock Enable | Synchronous Set/Reset | Asynchronous Set/Reset | Total Registers | Total Slices |
+--------------+-----------------------+------------------------+-----------------+--------------+
| No           | No                    | No                     |              34 |           14 |
| No           | No                    | Yes                    |               6 |            2 |
| No           | Yes                   | No                     |               0 |            0 |
| Yes          | No                    | No                     |              64 |           22 |
| Yes          | No                    | Yes                    |             176 |           59 |
| Yes          | Yes                   | No                     |              25 |            8 |
+--------------+-----------------------+------------------------+-----------------+--------------+


4. Detailed Control Set Information
-----------------------------------

+-------------------------------+--------------------------------+-----------------------------------------+------------------+----------------+--------------+
|          Clock Signal         |          Enable Signal         |             Set/Reset Signal            | Slice Load Count | Bel Load Count | Bels / Slice |
+-------------------------------+--------------------------------+-----------------------------------------+------------------+----------------+--------------+
|  clk_100_IBUF_BUFG            |                                |                                         |                1 |              1 |         1.00 |
|  clk_reg_n_0_BUFG             |                                |                                         |                1 |              1 |         1.00 |
| ~clk_reg_n_0_BUFG             |                                |                                         |                1 |              3 |         3.00 |
|  clk_BUFG                     |                                | A1/Reg16/Reg/RegisterR15[7].UR15/Reset1 |                2 |              6 |         3.00 |
|  clk_reg_n_0_BUFG             | Reset1_IBUF                    |                                         |                1 |              7 |         7.00 |
|  clk_BUFG                     | A2/A/DXs_reg[0]_3              | A1/Reg16/Reg/RegisterR15[7].UR15/Reset1 |                4 |              8 |         2.00 |
|  clk_BUFG                     | A2/A/DXs_reg[0]_6              | A1/Reg16/Reg/RegisterR15[7].UR15/Reset1 |                3 |              8 |         2.67 |
|  clk_BUFG                     | A2/A/DXs_reg[0]_4              | A1/Reg16/Reg/RegisterR15[7].UR15/Reset1 |                4 |              8 |         2.00 |
|  clk_BUFG                     | A2/A/DXs_reg[0]_1              | A1/Reg16/Reg/RegisterR15[7].UR15/Reset1 |                1 |              8 |         8.00 |
|  clk_BUFG                     | A2/A/DXs_reg[2]_1              | A1/Reg16/Reg/RegisterR15[7].UR15/Reset1 |                1 |              8 |         8.00 |
|  clk_BUFG                     | A2/A/DXs_reg[2]_2              | A1/Reg16/Reg/RegisterR15[7].UR15/Reset1 |                3 |              8 |         2.67 |
|  clk_BUFG                     | A2/A/DXs_reg[3]_0              | A1/Reg16/Reg/RegisterR15[7].UR15/Reset1 |                3 |              8 |         2.67 |
|  clk_BUFG                     | A2/A/DXs_reg[0]_5              | A1/Reg16/Reg/RegisterR15[7].UR15/Reset1 |                3 |              8 |         2.67 |
|  clk_BUFG                     | A2/A/DXs_reg[0]_2              | A1/Reg16/Reg/RegisterR15[7].UR15/Reset1 |                3 |              8 |         2.67 |
|  clk_BUFG                     | A2/A/DXs_reg[2]_3              | A1/Reg16/Reg/RegisterR15[7].UR15/Reset1 |                2 |              8 |         4.00 |
|  clk_BUFG                     | A2/A/DXs_reg[3]_2              | A1/Reg16/Reg/RegisterR15[7].UR15/Reset1 |                2 |              8 |         4.00 |
|  clk_BUFG                     | A2/A/DXs_reg[3]_3              | A1/Reg16/Reg/RegisterR15[7].UR15/Reset1 |                1 |              8 |         8.00 |
|  clk_BUFG                     | A2/A/DXs_reg[2]_0              | A1/Reg16/Reg/RegisterR15[7].UR15/Reset1 |                2 |              8 |         4.00 |
|  clk_BUFG                     | A2/A/FSM_onehot_State_reg[0]_0 |                                         |                4 |              8 |         2.00 |
|  clk_BUFG                     | A2/A/FSM_onehot_State_reg[0]_0 | A4/MMR_reg_0                            |                3 |              8 |         2.67 |
|  clk_BUFG                     | A2/A/E[0]                      | A1/Reg16/Reg/RegisterR15[7].UR15/Reset1 |                3 |              8 |         2.67 |
|  clk_BUFG                     | A2/A/DXs_reg[3]_1              | A1/Reg16/Reg/RegisterR15[7].UR15/Reset1 |                3 |              8 |         2.67 |
|  clk_BUFG                     | A2/A/DXs_reg[0]_7              | A1/Reg16/Reg/RegisterR15[7].UR15/Reset1 |                6 |              8 |         1.33 |
|  clk_reg_n_0_BUFG             | A2/K/Reset1[0]                 |                                         |                3 |              8 |         2.67 |
|  clk_reg_n_0_BUFG             | A2/K/Reset1_0[0]               |                                         |                2 |              8 |         4.00 |
|  clk_reg_n_0_BUFG             | A2/K/Reset1_0[1]               |                                         |                3 |              8 |         2.67 |
|  clk_reg_n_0_BUFG             | BTND_IBUF                      | A1/Reg16/Reg/RegisterR15[7].UR15/Reset1 |                2 |              8 |         4.00 |
|  clk_reg_n_0_BUFG             | BTNR_IBUF                      | A1/Reg16/Reg/RegisterR15[7].UR15/Reset1 |                3 |              8 |         2.67 |
|  clk_reg_n_0_BUFG             | BTNU_IBUF                      | A1/Reg16/Reg/RegisterR15[7].UR15/Reset1 |                3 |              8 |         2.67 |
|  clk_reg_n_0_BUFG             | BNTC_IBUF                      | A1/Reg16/Reg/RegisterR15[7].UR15/Reset1 |                2 |              8 |         4.00 |
|  clk_reg_n_0_BUFG             | BTNL_IBUF                      | A1/Reg16/Reg/RegisterR15[7].UR15/Reset1 |                2 |              8 |         4.00 |
|  clk_BUFG                     | A2/A/DXs_reg[0]_0              | A1/Reg16/Reg/RegisterR15[7].UR15/Reset1 |                3 |              8 |         2.67 |
|  clk_reg_n_0_BUFG             | seg7/AN0                       |                                         |                5 |             12 |         2.40 |
|  clk_reg_n_0_BUFG             | A2/K/E[0]                      |                                         |                4 |             13 |         3.25 |
|  clk_reg_n_0_BUFG             | Reset1_IBUF                    | seg7/clock_count[0]_i_1__0_n_0          |                5 |             17 |         3.40 |
|  A2/B/FSM_onehot_State_reg[1] |                                |                                         |               11 |             29 |         2.64 |
+-------------------------------+--------------------------------+-----------------------------------------+------------------+----------------+--------------+


