#-----------------------------------------------------------
# Vivado v2018.2 (64-bit)
# SW Build 2258646 on Thu Jun 14 20:03:12 MDT 2018
# IP Build 2256618 on Thu Jun 14 22:10:49 MDT 2018
# Start of session at: Thu Mar  2 09:53:35 2023
# Process ID: 6256
# Current directory: C:/Users/chris/OneDrive/Skrivebord/3. semester/Digital/DTU/62711/Christoffer/project_A
# Command line: vivado.exe -gui_launcher_event rodinguilauncherevent13088 C:\Users\chris\OneDrive\Skrivebord\3. semester\Digital\DTU\62711\Christoffer\project_A\project_A.xpr
# Log file: C:/Users/chris/OneDrive/Skrivebord/3. semester/Digital/DTU/62711/Christoffer/project_A/vivado.log
# Journal file: C:/Users/chris/OneDrive/Skrivebord/3. semester/Digital/DTU/62711/Christoffer/project_A\vivado.jou
#-----------------------------------------------------------
start_gui
open_project {C:/Users/chris/OneDrive/Skrivebord/3. semester/Digital/DTU/62711/Christoffer/project_A/project_A.xpr}
INFO: [ProjectBase 1-489] The host OS only allows 260 characters in a normal path. The project is stored in a path with more than 80 characters. If you experience issues with IP, Block Designs, or files not being found, please consider moving the project to a location with a shorter path. Alternately consider using the OS subst command to map part of the path to a drive letter.
Current project path is 'C:/Users/chris/OneDrive/Skrivebord/3. semester/Digital/DTU/62711/Christoffer/project_A'
INFO: [Project 1-313] Project file moved from 'C:/Users/chris/OneDrive/Skrivebord/3. semester/Digital/DTU/62711/projectA/project_A' since last save.
Scanning sources...
Finished scanning sources
INFO: [IP_Flow 19-234] Refreshing IP repositories
INFO: [IP_Flow 19-1704] No user IP repositories specified
INFO: [IP_Flow 19-2313] Loaded Vivado IP repository 'C:/Xilinx/Vivado/2018.2/data/ip'.
open_project: Time (s): cpu = 00:00:21 ; elapsed = 00:00:11 . Memory (MB): peak = 898.914 ; gain = 186.410
update_compile_order -fileset sources_1
exit
INFO: [Common 17-206] Exiting Vivado at Thu Mar  2 10:20:13 2023...
