#-----------------------------------------------------------
# Vivado v2020.1 (64-bit)
# SW Build 2902540 on Wed May 27 19:54:49 MDT 2020
# IP Build 2902112 on Wed May 27 22:43:36 MDT 2020
# Start of session at: Thu Apr 27 09:20:44 2023
# Process ID: 27404
# Current directory: C:/Users/felix/Documents/DTU/62711_Digital_systems_design/Git/DTU/62711/Christoffer/project_PWF
# Command line: vivado.exe -gui_launcher_event rodinguilauncherevent10508 C:\Users\felix\Documents\DTU\62711_Digital_systems_design\Git\DTU\62711\Christoffer\project_PWF\project_PWF.xpr
# Log file: C:/Users/felix/Documents/DTU/62711_Digital_systems_design/Git/DTU/62711/Christoffer/project_PWF/vivado.log
# Journal file: C:/Users/felix/Documents/DTU/62711_Digital_systems_design/Git/DTU/62711/Christoffer/project_PWF\vivado.jou
#-----------------------------------------------------------
start_gui
open_project C:/Users/felix/Documents/DTU/62711_Digital_systems_design/Git/DTU/62711/Christoffer/project_PWF/project_PWF.xpr
INFO: [ProjectBase 1-489] The host OS only allows 260 characters in a normal path. The project is stored in a path with more than 80 characters. If you experience issues with IP, Block Designs, or files not being found, please consider moving the project to a location with a shorter path. Alternately consider using the OS subst command to map part of the path to a drive letter.
Current project path is 'C:/Users/felix/Documents/DTU/62711_Digital_systems_design/Git/DTU/62711/Christoffer/project_PWF'
INFO: [Project 1-313] Project file moved from 'C:/Users/chris/OneDrive/Skrivebord/3. semester/Digital/DTU/62711/Christoffer/project_PWF' since last save.
Scanning sources...
Finished scanning sources
WARNING: [filemgmt 56-2] IPUserFilesDir: Could not find the directory 'C:/Users/felix/Documents/DTU/62711_Digital_systems_design/Git/DTU/62711/Christoffer/project_PWF/project_PWF.ip_user_files', nor could it be found using path 'C:/Users/chris/OneDrive/Skrivebord/3. semester/Digital/DTU/62711/Christoffer/project_PWF/project_PWF.ip_user_files'.
INFO: [Project 1-230] Project 'project_PWF.xpr' upgraded for this version of Vivado.
INFO: [IP_Flow 19-234] Refreshing IP repositories
INFO: [IP_Flow 19-1704] No user IP repositories specified
INFO: [IP_Flow 19-2313] Loaded Vivado IP repository 'D:/Vivado/2020.1/data/ip'.
open_project: Time (s): cpu = 00:00:13 ; elapsed = 00:00:06 . Memory (MB): peak = 1033.508 ; gain = 0.000
update_compile_order -fileset sources_1
): cpu = 00:00:13 ; elapsed = 00:00:09 . Memory (MB): peak = 1024.016 ; gain = 0.000
update_compile_order -fileset sources_1
save_project_as Port_reg_new1 C:/Users/felix/Documents/DTU/62711_Digital_systems_design/Git/DTU/62711/Christoffer/Port_reg_new1 -force
INFO: [ProjectBase 1-489] The host OS only allows 260 characters in a normal path. The project is stored in a path with more than 80 characters. If you experience issues with IP, Block Designs, or files not being found, please consider moving the project to a location with a shorter path. Alternately consider using the OS subst command to map part of the path to a drive letter.
Current project path is 'C:/Users/felix/Documents/DTU/62711_Digital_systems_design/Git/DTU/62711/Christoffer/Port_reg_new1'
import_files
INFO: [filemgmt 20-348] Importing the appropriate files for fileset: 'sources_1'
