#-----------------------------------------------------------
# Vivado v2018.2 (64-bit)
# SW Build 2258646 on Thu Jun 14 20:03:12 MDT 2018
# IP Build 2256618 on Thu Jun 14 22:10:49 MDT 2018
# Start of session at: Thu Mar  2 09:43:32 2023
# Process ID: 9156
# Current directory: C:/Users/chris/OneDrive/Skrivebord/3. semester/Digital/DTU/62711/project1/project_1
# Command line: vivado.exe -gui_launcher_event rodinguilauncherevent9856 C:\Users\chris\OneDrive\Skrivebord\3. semester\Digital\DTU\62711\project1\project_1\project_1.xpr
# Log file: C:/Users/chris/OneDrive/Skrivebord/3. semester/Digital/DTU/62711/project1/project_1/vivado.log
# Journal file: C:/Users/chris/OneDrive/Skrivebord/3. semester/Digital/DTU/62711/project1/project_1\vivado.jou
#-----------------------------------------------------------
start_gui
open_project C:/Users/chris/project_A/project_A.xpr
INFO: [Common 17-41] Interrupt caught. Command should exit soon.
INFO: [Common 17-344] 'open_project' was cancelled
create_project project_A {C:/Users/chris/OneDrive/Skrivebord/3. semester/Digital/DTU/62711/projectA/project_A} -part xc7a100tcsg324-1
INFO: [ProjectBase 1-489] The host OS only allows 260 characters in a normal path. The project is stored in a path with more than 80 characters. If you experience issues with IP, Block Designs, or files not being found, please consider moving the project to a location with a shorter path. Alternately consider using the OS subst command to map part of the path to a drive letter.
Current project path is 'C:/Users/chris/OneDrive/Skrivebord/3. semester/Digital/DTU/62711/projectA/project_A'
INFO: [IP_Flow 19-234] Refreshing IP repositories
INFO: [IP_Flow 19-1704] No user IP repositories specified
INFO: [IP_Flow 19-2313] Loaded Vivado IP repository 'C:/Xilinx/Vivado/2018.2/data/ip'.
create_project: Time (s): cpu = 00:00:17 ; elapsed = 00:00:11 . Memory (MB): peak = 839.781 ; gain = 37.605
set_property board_part digilentinc.com:nexys4_ddr:part0:1.1 [current_project]
set_property target_language VHDL [current_project]
add_files -norecurse -scan_for_includes {{C:/Users/chris/OneDrive/Skrivebord/3. semester/Digital/DTU/62711/projectA/project_A/project_1.srcs/sources_1/new/4in_mux.vhd} {C:/Users/chris/OneDrive/Skrivebord/3. semester/Digital/DTU/62711/projectA/project_A/project_1.srcs/sources_1/new/Top_project1.v} {C:/Users/chris/OneDrive/Skrivebord/3. semester/Digital/DTU/62711/projectA/project_A/project_1.srcs/sources_1/new/full_add.vhd} {C:/Users/chris/OneDrive/Skrivebord/3. semester/Digital/DTU/62711/projectA/project_A/project_1.srcs/sources_1/new/mux2to1.vhd} {C:/Users/chris/OneDrive/Skrivebord/3. semester/Digital/DTU/62711/projectA/project_A/project_1.srcs/sources_1/new/mux2to1_n-bit.vhd} {C:/Users/chris/OneDrive/Skrivebord/3. semester/Digital/DTU/62711/projectA/project_A/project_1.srcs/sources_1/new/MUX16to1.vhd} {C:/Users/chris/OneDrive/Skrivebord/3. semester/Digital/DTU/62711/projectA/project_A/project_1.srcs/sources_1/new/Shifter.vhd} {C:/Users/chris/OneDrive/Skrivebord/3. semester/Digital/DTU/62711/projectA/project_A/project_1.srcs/sources_1/new/mux4to1.vhd} {C:/Users/chris/OneDrive/Skrivebord/3. semester/Digital/DTU/62711/projectA/project_A/project_1.srcs/sources_1/new/2_input_mux.vhd} {C:/Users/chris/OneDrive/Skrivebord/3. semester/Digital/DTU/62711/projectA/project_A/project_1.srcs/sources_1/new/ALU.vhd} {C:/Users/chris/OneDrive/Skrivebord/3. semester/Digital/DTU/62711/projectA/project_A/project_1.srcs/sources_1/new/function_unit.vhd} {C:/Users/chris/OneDrive/Skrivebord/3. semester/Digital/DTU/62711/projectA/project_A/project_1.srcs/sources_1/new/full_adder.vhd}}
update_compile_order -fileset sources_1
update_compile_order -fileset sources_1
exit
INFO: [Common 17-206] Exiting Vivado at Thu Mar  2 09:53:19 2023...
